<?xml version="1.0" encoding="UTF-8"?>
<testng-results skipped="0" failed="0" ignored="0" total="1" passed="1">
  <reporter-output>
  </reporter-output>
  <suite name="Surefire suite" duration-ms="48" started-at="2025-07-24T23:10:25 CST" finished-at="2025-07-24T23:10:25 CST">
    <groups>
    </groups>
    <test name="Surefire test" duration-ms="48" started-at="2025-07-24T23:10:25 CST" finished-at="2025-07-24T23:10:25 CST">
      <class name="test1">
        <test-method status="PASS" signature="test133()[pri:0, instance:test1@457e2f02]" name="test133" duration-ms="5" started-at="2025-07-24T23:10:25 CST" finished-at="2025-07-24T23:10:25 CST">
          <reporter-output>
          </reporter-output>
        </test-method> <!-- test133 -->
      </class> <!-- test1 -->
    </test> <!-- Surefire test -->
  </suite> <!-- Surefire suite -->
</testng-results>
